<?xml version="1.0" encoding="UTF-8"?>
<beans xmlns="http://www.springframework.org/schema/beans"
	xmlns:jdbc="http://www.springframework.org/schema/jdbc" xmlns:context="http://www.springframework.org/schema/context"
	xmlns:cache="http://www.springframework.org/schema/cache" xmlns:tx="http://www.springframework.org/schema/tx"
	xmlns:xsi="http://www.w3.org/2001/XMLSchema-instance" xmlns:p="http://www.springframework.org/schema/p"
	xsi:schemaLocation="http://www.springframework.org/schema/beans http://www.springframework.org/schema/beans/spring-beans.xsd	 
	 http://www.springframework.org/schema/jdbc http://www.springframework.org/schema/jdbc/spring-jdbc.xsd
	 http://www.springframework.org/schema/tx http://www.springframework.org/schema/tx/spring-tx.xsd 	 
	 http://www.springframework.org/schema/context http://www.springframework.org/schema/context/spring-context.xsd
	 http://www.springframework.org/schema/cache http://www.springframework.org/schema/cache/spring-cache.xsd">

	<!-- Activer les annotations -->
	<context:annotation-config />
	<!-- Activer les annotations pour la gestion du cache -->
	<cache:annotation-driven />

	<!-- parse les annotations dans les répertoires suivants -->
	<!-- Eviter les fr.gfi.quiz.* afin d'éviter que l'application soit 
		très longue à charger -->
	<context:component-scan base-package="fr.gfi.quiz.dao.impl" />

	<!-- Le gestionnaire de transaction -->
	<tx:annotation-driven transaction-manager="transactionManager" />

	<bean id="transactionManager"
		class="org.springframework.orm.hibernate4.HibernateTransactionManager">
		<property name="sessionFactory" ref="sessionFactory" />
	</bean>


	<!-- Configuration du cache Nous allons configurer Spring afin que le framework 
		utilise l’implémentation la plus simple fournie (ConcurrentMap). -->
	<bean id="cacheManager" class="org.springframework.cache.support.SimpleCacheManager">
		<property name="caches">
			<set>
				<bean
					class="org.springframework.cache.concurrent.ConcurrentMapCacheFactoryBean"
					p:name="cache-dref-ville" />
				<bean
					class="org.springframework.cache.concurrent.ConcurrentMapCacheFactoryBean"
					p:name="cache-dref-editeur" />
			</set>
		</property>
	</bean>

	<!-- Hibernate -->
	<!-- Configuration Hibernate -->
	<bean id="sessionFactory"
		class="org.springframework.orm.hibernate4.LocalSessionFactoryBean">
		<property name="dataSource" ref="desoteDatasource" />
		<property name="packagesToScan">
			<list>
				<value>fr.gfi.quiz.entite</value>
			</list>
		</property>
		<property name="hibernateProperties" ref="hibernateProperties" />
	</bean>

	<bean id="hibernateProperties"
		class="org.springframework.beans.factory.config.PropertiesFactoryBean">
		<property name="properties">
			<props>
				<prop key="hibernate.generate_statistics">false</prop>
				<prop key="hibernate.dialect">org.hibernate.dialect.H2Dialect</prop>
				<prop key="hibernate.show_sql">false</prop>
				<prop key="hibernate.format_sql">false</prop>
				<prop key="use_sql_comments">true</prop>
				<prop key="hibernate.bytecode.use_reflection_optimizer">true</prop>

			</props>
		</property>
	</bean>

	<!-- Datasource -->
	<jdbc:embedded-database id="desoteDatasource"
		type="H2">
		<jdbc:script location="classpath:/database/h2/create_table.sql" />
		<jdbc:script location="classpath:/database/h2/insert_data.sql" />
	</jdbc:embedded-database>

</beans>
